  [4;36;1mSQL (0.000000)[0m   [0;1mSET NAMES 'utf8'[0m
  [4;35;1mSQL (0.000000)[0m   [0mSET SQL_AUTO_IS_NULL=0[0m
  [4;36;1mSQL (0.000000)[0m   [0;1mMysql::Error: Table 'schema_info' already exists: CREATE TABLE `schema_info` (version int(11))[0m
  [4;35;1mSQL (0.000000)[0m   [0mMysql::Error: Table 'schema_info' already exists: CREATE TABLE `schema_info` (version int(11))[0m
  [4;36;1mSQL (0.049000)[0m   [0;1mSELECT * FROM schema_info[0m
  [4;35;1mSQL (0.001000)[0m   [0mSHOW TABLES[0m
  [4;36;1mSQL (0.027000)[0m   [0;1mSHOW FIELDS FROM `products`[0m
  [4;35;1mSQL (0.344000)[0m   [0mdescribe `products`[0m
  [4;36;1mSQL (0.021000)[0m   [0;1mSHOW KEYS FROM `products`[0m
  [4;36;1mSQL (0.001000)[0m   [0;1mSET NAMES 'utf8'[0m
  [4;35;1mSQL (0.000000)[0m   [0mSET SQL_AUTO_IS_NULL=0[0m
  [4;36;1mSQL (0.000000)[0m   [0;1mMysql::Error: Table 'schema_info' already exists: CREATE TABLE `schema_info` (version int(11))[0m
  [4;35;1mSQL (0.000000)[0m   [0mMysql::Error: Table 'schema_info' already exists: CREATE TABLE `schema_info` (version int(11))[0m
  [4;36;1mSQL (0.000000)[0m   [0;1mSELECT version FROM schema_info[0m
  [4;35;1mSQL (0.000000)[0m   [0mSELECT * FROM schema_info[0m
  [4;36;1mSQL (0.000000)[0m   [0;1mSHOW TABLES[0m
  [4;35;1mSQL (0.008000)[0m   [0mSHOW FIELDS FROM `products`[0m
  [4;36;1mSQL (0.009000)[0m   [0;1mdescribe `products`[0m
  [4;35;1mSQL (0.001000)[0m   [0mSHOW KEYS FROM `products`[0m
  [4;36;1mSQL (0.000000)[0m   [0;1mSET NAMES 'utf8'[0m
  [4;35;1mSQL (0.001000)[0m   [0mSET SQL_AUTO_IS_NULL=0[0m
  [4;36;1mSQL (0.000000)[0m   [0;1mMysql::Error: Table 'schema_info' already exists: CREATE TABLE `schema_info` (version int(11))[0m
  [4;35;1mSQL (0.000000)[0m   [0mSELECT version FROM schema_info[0m
  [4;36;1mSQL (0.001000)[0m   [0;1mSELECT version FROM schema_info[0m
  [4;35;1mSQL (0.000000)[0m   [0mMysql::Error: Table 'schema_info' already exists: CREATE TABLE `schema_info` (version int(11))[0m
  [4;36;1mSQL (0.001000)[0m   [0;1mSELECT version FROM schema_info[0m
Migrating to CreateProducts (1)
  [4;35;1mSQL (0.004000)[0m   [0mDROP TABLE `products`[0m
  [4;36;1mSQL (0.001000)[0m   [0;1mUPDATE schema_info SET version = 0[0m
  [4;35;1mSQL (0.000000)[0m   [0mSELECT * FROM schema_info[0m
  [4;36;1mSQL (0.001000)[0m   [0;1mSHOW TABLES[0m
  [4;36;1mSQL (0.000000)[0m   [0;1mSET NAMES 'utf8'[0m
  [4;35;1mSQL (0.000000)[0m   [0mSET SQL_AUTO_IS_NULL=0[0m
  [4;36;1mSQL (0.000000)[0m   [0;1mMysql::Error: Table 'schema_info' already exists: CREATE TABLE `schema_info` (version int(11))[0m
  [4;35;1mSQL (0.000000)[0m   [0mMysql::Error: Table 'schema_info' already exists: CREATE TABLE `schema_info` (version int(11))[0m
  [4;36;1mSQL (0.000000)[0m   [0;1mSELECT version FROM schema_info[0m
Migrating to CreateProducts (1)
  [4;35;1mSQL (0.007000)[0m   [0mCREATE TABLE `products` (`id` int(11) DEFAULT NULL auto_increment PRIMARY KEY, `title` varchar(255) DEFAULT NULL, `description` text DEFAULT NULL, `image_url` varchar(255) DEFAULT NULL, `created_at` datetime DEFAULT NULL, `updated_at` datetime DEFAULT NULL) ENGINE=InnoDB[0m
  [4;36;1mSQL (0.000000)[0m   [0;1mUPDATE schema_info SET version = 1[0m
  [4;35;1mSQL (0.000000)[0m   [0mSELECT * FROM schema_info[0m
  [4;36;1mSQL (0.001000)[0m   [0;1mSHOW TABLES[0m
  [4;35;1mSQL (0.038000)[0m   [0mSHOW FIELDS FROM `products`[0m
  [4;36;1mSQL (0.298000)[0m   [0;1mdescribe `products`[0m
  [4;35;1mSQL (0.005000)[0m   [0mSHOW KEYS FROM `products`[0m
  [4;36;1mSQL (0.000000)[0m   [0;1mSET NAMES 'utf8'[0m
  [4;35;1mSQL (0.000000)[0m   [0mSET SQL_AUTO_IS_NULL=0[0m
  [4;36;1mSQL (0.000000)[0m   [0;1mMysql::Error: Table 'schema_info' already exists: CREATE TABLE `schema_info` (version int(11))[0m
  [4;35;1mSQL (0.000000)[0m   [0mSELECT version FROM schema_info[0m
  [4;36;1mSQL (0.001000)[0m   [0;1mSELECT version FROM schema_info[0m
  [4;35;1mSQL (0.000000)[0m   [0mMysql::Error: Table 'schema_info' already exists: CREATE TABLE `schema_info` (version int(11))[0m
  [4;36;1mSQL (0.000000)[0m   [0;1mSELECT version FROM schema_info[0m
Migrating to CreateProducts (1)
  [4;35;1mSQL (0.003000)[0m   [0mDROP TABLE `products`[0m
  [4;36;1mSQL (0.001000)[0m   [0;1mUPDATE schema_info SET version = 0[0m
  [4;35;1mSQL (0.001000)[0m   [0mSELECT * FROM schema_info[0m
  [4;36;1mSQL (0.001000)[0m   [0;1mSHOW TABLES[0m
  [4;36;1mSQL (0.000000)[0m   [0;1mSET NAMES 'utf8'[0m
  [4;35;1mSQL (0.000000)[0m   [0mSET SQL_AUTO_IS_NULL=0[0m
  [4;36;1mSQL (0.000000)[0m   [0;1mMysql::Error: Table 'schema_info' already exists: CREATE TABLE `schema_info` (version int(11))[0m
  [4;35;1mSQL (0.000000)[0m   [0mMysql::Error: Table 'schema_info' already exists: CREATE TABLE `schema_info` (version int(11))[0m
  [4;36;1mSQL (0.000000)[0m   [0;1mSELECT version FROM schema_info[0m
Migrating to CreateProducts (1)
  [4;35;1mSQL (0.043000)[0m   [0mCREATE TABLE `products` (`id` int(11) DEFAULT NULL auto_increment PRIMARY KEY, `title` varchar(255) DEFAULT NULL, `description` text DEFAULT NULL, `image_url` varchar(255) DEFAULT NULL, `created_at` datetime DEFAULT NULL, `updated_at` datetime DEFAULT NULL) ENGINE=InnoDB[0m
  [4;36;1mSQL (0.000000)[0m   [0;1mUPDATE schema_info SET version = 1[0m
  [4;35;1mSQL (0.001000)[0m   [0mSELECT * FROM schema_info[0m
  [4;36;1mSQL (0.001000)[0m   [0;1mSHOW TABLES[0m
  [4;35;1mSQL (0.005000)[0m   [0mSHOW FIELDS FROM `products`[0m
  [4;36;1mSQL (0.007000)[0m   [0;1mdescribe `products`[0m
  [4;35;1mSQL (0.005000)[0m   [0mSHOW KEYS FROM `products`[0m
